<?xml version="1.0" encoding="UTF-8"?>
<!-- Generated by org.testng.reporters.JUnitReportReporter -->
<testsuite hostname="LAPTOP-KPEQ55GB" failures="0" tests="1" name="AddToCart.AddToCart1" time="6.605" errors="0" timestamp="2023-09-24T00:50:52 IST" skipped="0">
  <testcase classname="AddToCart.AddToCart1" name="AddToCart1" time="6.605"/>
  <system-out/>
</testsuite> <!-- AddToCart.AddToCart1 -->
