<?xml version="1.0" encoding="UTF-8"?>
<!-- Generated by org.testng.reporters.JUnitReportReporter -->
<testsuite hostname="LAPTOP-KPEQ55GB" failures="0" tests="1" name="Login.Login1" time="15.029" errors="0" timestamp="2023-09-29T20:15:53 IST" skipped="0">
  <testcase classname="Login.Login1" name="Login1" time="15.029"/>
  <system-out/>
</testsuite> <!-- Login.Login1 -->
