<?xml version="1.0" encoding="UTF-8"?>
<!-- Generated by org.testng.reporters.JUnitReportReporter -->
<testsuite hostname="LAPTOP-KPEQ55GB" failures="0" tests="1" name="Purchase.Purchase1" time="6.056" errors="0" timestamp="2023-09-23T23:49:53 IST" skipped="0">
  <testcase classname="Purchase.Purchase1" name="Purchase1" time="6.056"/>
  <system-out/>
</testsuite> <!-- Purchase.Purchase1 -->
