<?xml version="1.0" encoding="UTF-8"?>
<!-- Generated by org.testng.reporters.JUnitReportReporter -->
<testsuite hostname="LAPTOP-KPEQ55GB" failures="0" tests="1" name="Login.Login" time="4.538" errors="0" timestamp="2023-09-23T16:37:37 IST" skipped="0">
  <testcase classname="Login.Login" name="Login1" time="4.538"/>
  <system-out/>
</testsuite> <!-- Login.Login -->
